<?xml version="1.0" encoding="UTF-8" ?>
<testsuite tests="11" failures="0" name="testrunners.GoogleMapsTest" time="0.006" errors="0" skipped="0">
  <properties>
[...]
</properties>
  <testcase classname="Scenario: Navigating with directions in Google Maps" name="Given I launch the &quot;edge&quot; browser" time="0.004"/>
  <testcase classname="Scenario: Navigating with directions in Google Maps" name="And I naviate to the URL &quot;https://maps.google.com/&quot;" time="0"/>
  <testcase classname="Scenario: Navigating with directions in Google Maps" name="When I search for &quot;San Francisco, California&quot; location" time="0"/>
  <testcase classname="Scenario: Navigating with directions in Google Maps" name="Then I assert the coordinates of the location to be &quot;37.7577627,-122.4726194&quot;" time="0.001"/>
  <testcase classname="Scenario: Navigating with directions in Google Maps" name="And I hit the &quot;Directions&quot; button" time="0"/>
  <testcase classname="Scenario: Navigating with directions in Google Maps" name="And I enter &quot;Chico, California&quot; to be the starting point" time="0"/>
  <testcase classname="Scenario: Navigating with directions in Google Maps" name="And I hit the &quot;Driving&quot; button" time="0"/>
  <testcase classname="Scenario: Navigating with directions in Google Maps" name="And I verify the routes" time="0"/>
  <testcase classname="Scenario: Navigating with directions in Google Maps" name="And I print the various route details in &quot;routes.txt&quot;" time="0"/>
  <testcase classname="Scenario: Navigating with directions in Google Maps" name="And I close the browser" time="0"/>
  <testcase classname="Scenario: Navigating with directions in Google Maps" name="Scenario: Navigating with directions in Google Maps" time="0.001"/>
</testsuite>